<?xml version="1.0" encoding="UTF-8"?>
<!-- Generated by org.testng.reporters.JUnitReportReporter -->
<testsuite hostname="LAPTOP-GQGQPERM" failures="0" tests="1" name="SauceLabs.Slk.Test1" time="3.167" errors="0" timestamp="2025-02-22T14:56:53 IST" skipped="0">
  <testcase classname="SauceLabs.Slk.Test1" name="testExample" time="3.167"/>
</testsuite> <!-- SauceLabs.Slk.Test1 -->
