<?xml version="1.0" encoding="UTF-8"?>
<!-- Generated by org.testng.reporters.JUnitReportReporter -->
<testsuite hostname="LAPTOP-GQGQPERM" failures="0" tests="1" name="SauceLabs.Slk.Test2" time="1.560" errors="0" timestamp="2025-02-22T14:56:53 IST" skipped="0">
  <testcase classname="SauceLabs.Slk.Test2" name="Example" time="1.560"/>
</testsuite> <!-- SauceLabs.Slk.Test2 -->
