<?xml version="1.0" encoding="UTF-8"?>
<!-- Generated by org.testng.reporters.JUnitReportReporter -->
<testsuite hostname="LAPTOP-GQGQPERM" failures="0" tests="1" name="SauceLabs.Slk.Test3" time="2.005" errors="0" timestamp="2025-02-22T14:56:53 IST" skipped="0">
  <testcase classname="SauceLabs.Slk.Test3" name="testtExample" time="2.005"/>
</testsuite> <!-- SauceLabs.Slk.Test3 -->
